Messages
========

backend/Database_op.py
  Line: 1
    pylint: invalid-name / Module name "Database_op" doesn't conform to snake_case naming style
  Line: 2
    pylint: wrong-import-order / standard import "import json" should be placed before "import pymysql"
    pylint: unused-import / Unused import json
  Line: 4
    pep8: E501 / line too long (166 > 79 characters) (col 80)
  Line: 5
    pep8: E501 / line too long (158 > 79 characters) (col 80)
    pylint: invalid-name / Constant name "cnx" doesn't conform to UPPER_CASE naming style
  Line: 8
    pylint: invalid-name / Argument name "q" doesn't conform to snake_case naming style
  Line: 18
    pep8: E302 / expected 2 blank lines, found 1 (col 1)
    pylint: invalid-name / Argument name "t" doesn't conform to snake_case naming style
  Line: 19
    pylint: invalid-name / Variable name "s" doesn't conform to snake_case naming style (col 4)
  Line: 20
    pylint: invalid-name / Variable name "v" doesn't conform to snake_case naming style (col 12)
  Line: 22
    pylint: invalid-name / Variable name "s" doesn't conform to snake_case naming style (col 12)
  Line: 23
    pylint: invalid-name / Variable name "s" doesn't conform to snake_case naming style (col 8)
  Line: 24
    pylint: invalid-name / Variable name "s" doesn't conform to snake_case naming style (col 8)
  Line: 25
    pylint: unidiomatic-typecheck / Using type() instead of isinstance() for a typecheck. (col 11)
  Line: 26
    pylint: invalid-name / Variable name "s" doesn't conform to snake_case naming style (col 12)
  Line: 28
    pylint: invalid-name / Variable name "s" doesn't conform to snake_case naming style (col 12)
  Line: 29
    pylint: invalid-name / Variable name "s" doesn't conform to snake_case naming style (col 8)
  Line: 32
    pylint: invalid-name / Variable name "s" doesn't conform to snake_case naming style (col 8)
  Line: 39
    pep8: E226 / missing whitespace around arithmetic operator (col 64)
    pep8: E226 / missing whitespace around arithmetic operator (col 73)
    pylint: invalid-name / Variable name "q" doesn't conform to snake_case naming style (col 4)
  Line: 40
    pep8: E265 / block comment should start with '# ' (col 5)
  Line: 42
    pep8: E265 / block comment should start with '# ' (col 5)
  Line: 45
    pep8: E302 / expected 2 blank lines, found 1 (col 1)
    pep8: E231 / missing whitespace after ',' (col 22)
  Line: 49
    pylint: invalid-name / Variable name "columnName" doesn't conform to snake_case naming style (col 12)
  Line: 52
    pylint: invalid-name / Variable name "columnValue" doesn't conform to snake_case naming style (col 12)
  Line: 55
    pep8: E501 / line too long (90 > 79 characters) (col 80)
  Line: 58
    pylint: broad-except / Catching too general exception Exception (col 11)
    pylint: invalid-name / Variable name "e" doesn't conform to snake_case naming style (col 4)
  Line: 60
    pep8: W292 / no newline at end of file (col 18)

backend/Models.py
  Line: 1
    pylint: unused-import / Unused Flask imported from flask
    pylint: invalid-name / Module name "Models" doesn't conform to snake_case naming style
  Line: 10
    pylint: invalid-name / Constant name "db" doesn't conform to UPPER_CASE naming style
  Line: 21
    pylint: too-many-arguments / Too many arguments (7/5) (col 4)
    pep8: E501 / line too long (84 > 79 characters) (col 80)
  Line: 31
    pep8: W293 / blank line contains whitespace (col 1)
  Line: 46
    pep8: E501 / line too long (115 > 79 characters) (col 80)
    pylint: invalid-name / Constant name "new_user" doesn't conform to UPPER_CASE naming style (col 4)
  Line: 49
    pep8: W391 / blank line at end of file (col 1)
    pylint: trailing-newlines / Trailing newlines

backend/__init__.py
  Line: 3
    pep8: W292 / no newline at end of file (col 22)
    pylint: invalid-name / Constant name "app" doesn't conform to UPPER_CASE naming style

backend/login.py
  Line: 26
    pep8: E501 / line too long (86 > 79 characters) (col 80)
  Line: 31
    pep8: E302 / expected 2 blank lines, found 1 (col 1)
  Line: 33
    pylint: no-else-return / Unnecessary "else" after "return" (col 4)
  Line: 36
    pylint: no-else-return / Unnecessary "else" after "return" (col 8)
    pylint: simplifiable-if-statement / The if statement can be replaced with 'return bool(test)' (col 8)
  Line: 41
    pep8: E302 / expected 2 blank lines, found 1 (col 1)
  Line: 43
    pylint: no-else-return / Unnecessary "else" after "return" (col 4)
  Line: 46
    pylint: no-else-return / Unnecessary "else" after "return" (col 8)
    pylint: simplifiable-if-statement / The if statement can be replaced with 'return bool(test)' (col 8)
  Line: 51
    pep8: E302 / expected 2 blank lines, found 1 (col 1)
  Line: 54
    pep8: E501 / line too long (106 > 79 characters) (col 80)
  Line: 58
    pep8: E305 / expected 2 blank lines after class or function definition, found 1 (col 1)
  Line: 62
    pep8: W391 / blank line at end of file (col 1)
    pylint: trailing-newlines / Trailing newlines

backend/meeting_scheduler_flask.py
  Line: 1
    pylint: unused-import / Unused Flask imported from flask
    pep8: E501 / line too long (85 > 79 characters) (col 80)
  Line: 6
    pep8: E302 / expected 2 blank lines, found 1 (col 1)
  Line: 8
    pep8: W191 / indentation contains tabs (col 1)
  Line: 10
    pep8: E305 / expected 2 blank lines after class or function definition, found 1 (col 1)
  Line: 11
    pep8: W191 / indentation contains tabs (col 1)
    pep8: W292 / no newline at end of file (col 25)

frontend/app.py
  Line: 2
    pylint: unused-wildcard-import / Unused imports from wildcard import: enum, sys, TclError, re, wantobjects, TkVersion, TclVersion, READABLE, WRITABLE, EXCEPTION, EventType, Event, NoDefaultRoot, Variable, StringVar, IntVar, DoubleVar, BooleanVar, mainloop, getint, getdouble, getboolean, Misc, CallWrapper, XView, YView, Wm, Tk, Tcl, Pack, Place, Grid, BaseWidget, Widget, Toplevel, Canvas, Checkbutton, Listbox, Menu, Menubutton, Message, Radiobutton, Scale, Scrollbar, Text, OptionMenu, Image, PhotoImage, BitmapImage, image_names, image_types, Spinbox, LabelFrame, PanedWindow, NO, FALSE, OFF, YES, TRUE, ON, N, S, W, E, NW, SW, NE, SE, NS, EW, NSEW, NONE, X, Y, BOTH, LEFT, TOP, RIGHT, BOTTOM, RAISED, SUNKEN, FLAT, RIDGE, GROOVE, SOLID, HORIZONTAL, VERTICAL, NUMERIC, CHAR, WORD, BASELINE, INSIDE, OUTSIDE, SEL, SEL_FIRST, SEL_LAST, END, INSERT, CURRENT, ANCHOR, ALL, NORMAL, DISABLED, ACTIVE, HIDDEN, CASCADE, CHECKBUTTON, COMMAND, RADIOBUTTON, SEPARATOR, SINGLE, BROWSE, MULTIPLE, EXTENDED, DOTBOX, UNDERLINE, PIESLICE, CHORD, ARC, FIRST, LAST, BUTT, PROJECTING, ROUND, BEVEL, MITER, MOVETO, SCROLL, UNITS, PAGES
    pylint: wildcard-import / Wildcard import tkinter
  Line: 3
    pylint: unused-import / Unused ttk imported from tkinter
  Line: 6
    pylint: import-error / Unable to import 'requests'
  Line: 9
    pylint: too-many-instance-attributes / Too many instance attributes (26/7)
  Line: 13
    pyflakes: F999 / 'Frame' may be undefined, or defined from star imports: tkinter (col 28)
  Line: 18
    pep8: W293 / blank line contains whitespace (col 1)
  Line: 20
    pep8: E303 / too many blank lines (2) (col 5)
  Line: 44
    pep8: E303 / too many blank lines (2) (col 5)
  Line: 46
    pep8: E712 / comparison to True should be 'if cond is True:' or 'if cond:' (col 35)
    pylint: singleton-comparison / Comparison to True should be just 'expr' or 'expr is True' (col 11)
  Line: 49
    pep8: E712 / comparison to True should be 'if cond is True:' or 'if cond:' (col 37)
    pylint: singleton-comparison / Comparison to True should be just 'expr' or 'expr is True' (col 11)
  Line: 52
    pep8: E201 / whitespace after '(' (col 37)
    pyflakes: F999 / 'Label' may be undefined, or defined from star imports: tkinter (col 31)
    pep8: E251 / unexpected spaces around keyword / parameter equals (col 48)
  Line: 53
    pep8: E201 / whitespace after '(' (col 35)
    pyflakes: F999 / 'CENTER' may be undefined, or defined from star imports: tkinter (col 69)
    pep8: E251 / unexpected spaces around keyword / parameter equals (col 40)
  Line: 54
    pep8: E201 / whitespace after '(' (col 37)
    pyflakes: F999 / 'Entry' may be undefined, or defined from star imports: tkinter (col 31)
    pylint: bad-whitespace / No space allowed after bracket
        self.username_entry = Entry( self)
                                   ^ (col 35)
  Line: 55
    pep8: E201 / whitespace after '(' (col 35)
    pyflakes: F999 / 'CENTER' may be undefined, or defined from star imports: tkinter (col 70)
    pep8: E251 / unexpected spaces around keyword / parameter equals (col 40)
  Line: 56
    pep8: W293 / blank line contains whitespace (col 1)
  Line: 57
    pep8: E201 / whitespace after '(' (col 37)
    pyflakes: F999 / 'Label' may be undefined, or defined from star imports: tkinter (col 31)
    pep8: E251 / unexpected spaces around keyword / parameter equals (col 48)
  Line: 58
    pep8: E201 / whitespace after '(' (col 35)
    pyflakes: F999 / 'CENTER' may be undefined, or defined from star imports: tkinter (col 69)
    pep8: W291 / trailing whitespace (col 76)
    pep8: E251 / unexpected spaces around keyword / parameter equals (col 40)
  Line: 59
    pep8: E201 / whitespace after '(' (col 37)
    pyflakes: F999 / 'Entry' may be undefined, or defined from star imports: tkinter (col 31)
    pep8: E251 / unexpected spaces around keyword / parameter equals (col 48)
  Line: 60
    pep8: E201 / whitespace after '(' (col 35)
    pyflakes: F999 / 'CENTER' may be undefined, or defined from star imports: tkinter (col 70)
    pep8: E251 / unexpected spaces around keyword / parameter equals (col 40)
  Line: 62
    pep8: E201 / whitespace after '(' (col 36)
    pep8: E202 / whitespace before ')' (col 94)
    pyflakes: F999 / 'Button' may be undefined, or defined from star imports: tkinter (col 29)
    pep8: E501 / line too long (95 > 79 characters) (col 80)
    pep8: E251 / unexpected spaces around keyword / parameter equals (col 47)
  Line: 63
    pep8: E201 / whitespace after '(' (col 33)
    pyflakes: F999 / 'CENTER' may be undefined, or defined from star imports: tkinter (col 67)
    pep8: E251 / unexpected spaces around keyword / parameter equals (col 38)
  Line: 64
    pep8: E201 / whitespace after '(' (col 38)
    pyflakes: F999 / 'Button' may be undefined, or defined from star imports: tkinter (col 31)
    pep8: E501 / line too long (101 > 79 characters) (col 80)
    pep8: E251 / unexpected spaces around keyword / parameter equals (col 49)
  Line: 65
    pep8: E201 / whitespace after '(' (col 35)
    pyflakes: F999 / 'CENTER' may be undefined, or defined from star imports: tkinter (col 70)
    pep8: E251 / unexpected spaces around keyword / parameter equals (col 40)
  Line: 70
    pep8: E712 / comparison to True should be 'if cond is True:' or 'if cond:' (col 35)
    pylint: singleton-comparison / Comparison to True should be just 'expr' or 'expr is True' (col 11)
  Line: 73
    pep8: E712 / comparison to True should be 'if cond is True:' or 'if cond:' (col 37)
    pylint: singleton-comparison / Comparison to True should be just 'expr' or 'expr is True' (col 11)
  Line: 76
    pep8: E201 / whitespace after '(' (col 41)
    pylint: attribute-defined-outside-init / Attribute 'nu_firstname_label' defined outside __init__ (col 8)
    pyflakes: F999 / 'Label' may be undefined, or defined from star imports: tkinter (col 35)
    pep8: E251 / unexpected spaces around keyword / parameter equals (col 52)
  Line: 77
    pep8: E201 / whitespace after '(' (col 39)
    pyflakes: F999 / 'CENTER' may be undefined, or defined from star imports: tkinter (col 73)
    pep8: E251 / unexpected spaces around keyword / parameter equals (col 44)
  Line: 78
    pep8: E201 / whitespace after '(' (col 41)
    pylint: attribute-defined-outside-init / Attribute 'nu_firstname_entry' defined outside __init__ (col 8)
    pyflakes: F999 / 'Entry' may be undefined, or defined from star imports: tkinter (col 35)
    pylint: bad-whitespace / No space allowed after bracket
        self.nu_firstname_entry = Entry( self)
                                       ^ (col 39)
  Line: 79
    pep8: E201 / whitespace after '(' (col 39)
    pyflakes: F999 / 'CENTER' may be undefined, or defined from star imports: tkinter (col 74)
    pep8: E501 / line too long (80 > 79 characters) (col 80)
    pep8: E251 / unexpected spaces around keyword / parameter equals (col 44)
  Line: 81
    pep8: E201 / whitespace after '(' (col 40)
    pylint: attribute-defined-outside-init / Attribute 'nu_lastname_label' defined outside __init__ (col 8)
    pyflakes: F999 / 'Label' may be undefined, or defined from star imports: tkinter (col 34)
    pep8: E251 / unexpected spaces around keyword / parameter equals (col 51)
  Line: 82
    pep8: E201 / whitespace after '(' (col 38)
    pyflakes: F999 / 'CENTER' may be undefined, or defined from star imports: tkinter (col 72)
    pep8: E251 / unexpected spaces around keyword / parameter equals (col 43)
  Line: 83
    pep8: E201 / whitespace after '(' (col 40)
    pylint: attribute-defined-outside-init / Attribute 'nu_lastname_entry' defined outside __init__ (col 8)
    pyflakes: F999 / 'Entry' may be undefined, or defined from star imports: tkinter (col 34)
    pylint: bad-whitespace / No space allowed after bracket
        self.nu_lastname_entry = Entry( self)
                                      ^ (col 38)
  Line: 84
    pep8: E201 / whitespace after '(' (col 38)
    pyflakes: F999 / 'CENTER' may be undefined, or defined from star imports: tkinter (col 73)
    pep8: E251 / unexpected spaces around keyword / parameter equals (col 43)
  Line: 86
    pep8: E201 / whitespace after '(' (col 40)
    pylint: attribute-defined-outside-init / Attribute 'nu_username_label' defined outside __init__ (col 8)
    pyflakes: F999 / 'Label' may be undefined, or defined from star imports: tkinter (col 34)
    pep8: E251 / unexpected spaces around keyword / parameter equals (col 51)
  Line: 87
    pep8: E201 / whitespace after '(' (col 38)
    pyflakes: F999 / 'CENTER' may be undefined, or defined from star imports: tkinter (col 72)
    pep8: E251 / unexpected spaces around keyword / parameter equals (col 43)
  Line: 88
    pep8: E201 / whitespace after '(' (col 40)
    pylint: attribute-defined-outside-init / Attribute 'nu_username_entry' defined outside __init__ (col 8)
    pyflakes: F999 / 'Entry' may be undefined, or defined from star imports: tkinter (col 34)
    pylint: bad-whitespace / No space allowed after bracket
        self.nu_username_entry = Entry( self)
                                      ^ (col 38)
  Line: 89
    pep8: E201 / whitespace after '(' (col 38)
    pyflakes: F999 / 'CENTER' may be undefined, or defined from star imports: tkinter (col 73)
    pep8: E251 / unexpected spaces around keyword / parameter equals (col 43)
  Line: 91
    pep8: E201 / whitespace after '(' (col 37)
    pylint: attribute-defined-outside-init / Attribute 'nu_email_label' defined outside __init__ (col 8)
    pyflakes: F999 / 'Label' may be undefined, or defined from star imports: tkinter (col 31)
    pep8: E251 / unexpected spaces around keyword / parameter equals (col 48)
  Line: 92
    pep8: E201 / whitespace after '(' (col 35)
    pyflakes: F999 / 'CENTER' may be undefined, or defined from star imports: tkinter (col 69)
    pep8: E251 / unexpected spaces around keyword / parameter equals (col 40)
  Line: 93
    pep8: E201 / whitespace after '(' (col 37)
    pylint: attribute-defined-outside-init / Attribute 'nu_email_entry' defined outside __init__ (col 8)
    pyflakes: F999 / 'Entry' may be undefined, or defined from star imports: tkinter (col 31)
    pylint: bad-whitespace / No space allowed after bracket
        self.nu_email_entry = Entry( self)
                                   ^ (col 35)
  Line: 94
    pep8: E201 / whitespace after '(' (col 35)
    pyflakes: F999 / 'CENTER' may be undefined, or defined from star imports: tkinter (col 70)
    pep8: E251 / unexpected spaces around keyword / parameter equals (col 40)
  Line: 96
    pep8: E201 / whitespace after '(' (col 40)
    pylint: attribute-defined-outside-init / Attribute 'nu_password_label' defined outside __init__ (col 8)
    pyflakes: F999 / 'Label' may be undefined, or defined from star imports: tkinter (col 34)
    pep8: E251 / unexpected spaces around keyword / parameter equals (col 51)
  Line: 97
    pep8: E201 / whitespace after '(' (col 38)
    pyflakes: F999 / 'CENTER' may be undefined, or defined from star imports: tkinter (col 72)
    pep8: E251 / unexpected spaces around keyword / parameter equals (col 43)
  Line: 98
    pep8: E201 / whitespace after '(' (col 40)
    pylint: attribute-defined-outside-init / Attribute 'nu_password_entry' defined outside __init__ (col 8)
    pyflakes: F999 / 'Entry' may be undefined, or defined from star imports: tkinter (col 34)
    pep8: E251 / unexpected spaces around keyword / parameter equals (col 51)
  Line: 99
    pep8: E201 / whitespace after '(' (col 38)
    pyflakes: F999 / 'CENTER' may be undefined, or defined from star imports: tkinter (col 73)
    pep8: E251 / unexpected spaces around keyword / parameter equals (col 43)
  Line: 101
    pep8: E201 / whitespace after '(' (col 48)
    pylint: attribute-defined-outside-init / Attribute 'nu_password_confirm_label' defined outside __init__ (col 8)
    pyflakes: F999 / 'Label' may be undefined, or defined from star imports: tkinter (col 42)
    pep8: E501 / line too long (80 > 79 characters) (col 80)
    pep8: E251 / unexpected spaces around keyword / parameter equals (col 59)
  Line: 102
    pep8: E201 / whitespace after '(' (col 46)
    pyflakes: F999 / 'CENTER' may be undefined, or defined from star imports: tkinter (col 80)
    pep8: E501 / line too long (86 > 79 characters) (col 80)
    pep8: E251 / unexpected spaces around keyword / parameter equals (col 51)
  Line: 103
    pep8: E201 / whitespace after '(' (col 48)
    pylint: attribute-defined-outside-init / Attribute 'nu_password_confirm_entry' defined outside __init__ (col 8)
    pyflakes: F999 / 'Entry' may be undefined, or defined from star imports: tkinter (col 42)
    pep8: E251 / unexpected spaces around keyword / parameter equals (col 59)
  Line: 104
    pep8: E201 / whitespace after '(' (col 46)
    pyflakes: F999 / 'CENTER' may be undefined, or defined from star imports: tkinter (col 81)
    pep8: E501 / line too long (87 > 79 characters) (col 80)
    pep8: E251 / unexpected spaces around keyword / parameter equals (col 51)
  Line: 106
    pep8: E201 / whitespace after '(' (col 40)
    pep8: E202 / whitespace before ')' (col 106)
    pylint: attribute-defined-outside-init / Attribute 'nu_create_button' defined outside __init__ (col 8)
    pyflakes: F999 / 'Button' may be undefined, or defined from star imports: tkinter (col 33)
    pep8: E501 / line too long (107 > 79 characters) (col 80)
    pep8: E251 / unexpected spaces around keyword / parameter equals (col 51)
  Line: 107
    pep8: E201 / whitespace after '(' (col 37)
    pyflakes: F999 / 'CENTER' may be undefined, or defined from star imports: tkinter (col 72)
    pep8: E251 / unexpected spaces around keyword / parameter equals (col 42)
  Line: 112
    pylint: attribute-defined-outside-init / Attribute 'user_id' defined outside __init__ (col 8)
  Line: 113
    pylint: attribute-defined-outside-init / Attribute 'pwd' defined outside __init__ (col 8)
  Line: 117
    pylint: unused-variable / Unused variable 'r' (col 8)
    pep8: E501 / line too long (106 > 79 characters) (col 80)
    pylint: invalid-name / Variable name "r" doesn't conform to snake_case naming style (col 8)
  Line: 118
    pep8: W293 / blank line contains whitespace (col 1)
  Line: 119
    pylint: using-constant-test / Using a conditional statement with a constant value (col 8)
  Line: 120
    pyflakes: F999 / 'load_homepage' may be undefined, or defined from star imports: tkinter (col 13)
    pylint: undefined-variable / Undefined variable 'load_homepage' (col 12)
  Line: 129
    pylint: attribute-defined-outside-init / Attribute 'new_user_id' defined outside __init__ (col 8)
  Line: 130
    pylint: attribute-defined-outside-init / Attribute 'new_user_pwd' defined outside __init__ (col 8)
  Line: 131
    pep8: N806 / variable in function should be lowercase (col 9)
    pylint: invalid-name / Variable name "firstName" doesn't conform to snake_case naming style (col 8)
  Line: 132
    pep8: N806 / variable in function should be lowercase (col 9)
    pylint: invalid-name / Variable name "lastName" doesn't conform to snake_case naming style (col 8)
  Line: 134
    pep8: W293 / blank line contains whitespace (col 1)
  Line: 135
    pep8: E501 / line too long (138 > 79 characters) (col 80)
  Line: 145
    pylint: unused-variable / Unused variable 'r' (col 8)
    pep8: E501 / line too long (182 > 79 characters) (col 80)
    pylint: invalid-name / Variable name "r" doesn't conform to snake_case naming style (col 8)
  Line: 146
    pep8: W293 / blank line contains whitespace (col 1)
  Line: 148
    pep8: E303 / too many blank lines (2) (col 5)
  Line: 159
    pep8: E303 / too many blank lines (4) (col 1)
    pylint: invalid-name / Constant name "app" doesn't conform to UPPER_CASE naming style
  Line: 162
    pep8: W292 / no newline at end of file (col 15)



Check Information
=================
         Started: 2018-11-08 01:50:46.848576
        Finished: 2018-11-08 01:50:52.491977
      Time Taken: 5.64 seconds
       Formatter: grouped
        Profiles: default, strictness_veryhigh, no_doc_warnings, no_test_warnings, no_member_warnings
      Strictness: veryhigh
  Libraries Used: 
       Tools Run: dodgy, mccabe, pep8, profile-validator, pyflakes, pylint
  Messages Found: 245

